::1 - - [30/Dec/2021:15:48:57 +0000] "GET / HTTP/1.1" 500 47 "-" "Mozilla/5.0 (Windows NT 10.0; Win64; x64) AppleWebKit/537.36 (KHTML, like Gecko) Chrome/96.0.4664.110 Safari/537.36"
::1 - - [30/Dec/2021:15:50:03 +0000] "GET /produtos HTTP/1.1" 304 - "-" "Mozilla/5.0 (Windows NT 10.0; Win64; x64) AppleWebKit/537.36 (KHTML, like Gecko) Chrome/96.0.4664.110 Safari/537.36"
::1 - - [30/Dec/2021:15:50:07 +0000] "GET /produtos/1 HTTP/1.1" 200 41 "-" "Mozilla/5.0 (Windows NT 10.0; Win64; x64) AppleWebKit/537.36 (KHTML, like Gecko) Chrome/96.0.4664.110 Safari/537.36"
::1 - - [30/Dec/2021:15:50:21 +0000] "GET /produtos/13333 HTTP/1.1" 200 45 "-" "Mozilla/5.0 (Windows NT 10.0; Win64; x64) AppleWebKit/537.36 (KHTML, like Gecko) Chrome/96.0.4664.110 Safari/537.36"
::1 - - [30/Dec/2021:15:50:39 +0000] "GET /produtos/2 HTTP/1.1" 304 - "-" "Mozilla/5.0 (Windows NT 10.0; Win64; x64) AppleWebKit/537.36 (KHTML, like Gecko) Chrome/96.0.4664.110 Safari/537.36"
::1 - - [30/Dec/2021:16:42:19 +0000] "DELETE /pedidos HTTP/1.1" 201 34 "-" "Mozilla/5.0 (Windows NT 10.0; Win64; x64) AppleWebKit/537.36 (KHTML, like Gecko) Chrome/96.0.4664.110 Safari/537.36"
::1 - - [30/Dec/2021:16:42:22 +0000] "POST /pedidos HTTP/1.1" 201 65 "-" "Mozilla/5.0 (Windows NT 10.0; Win64; x64) AppleWebKit/537.36 (KHTML, like Gecko) Chrome/96.0.4664.110 Safari/537.36"
::1 - - [30/Dec/2021:16:42:23 +0000] "GET /pedidos HTTP/1.1" 200 26 "-" "Mozilla/5.0 (Windows NT 10.0; Win64; x64) AppleWebKit/537.36 (KHTML, like Gecko) Chrome/96.0.4664.110 Safari/537.36"
::1 - - [30/Dec/2021:18:31:12 +0000] "POST /pedidos HTTP/1.1" 201 65 "-" "Mozilla/5.0 (Windows NT 10.0; Win64; x64) AppleWebKit/537.36 (KHTML, like Gecko) Chrome/96.0.4664.110 Safari/537.36"
::1 - - [30/Dec/2021:18:34:54 +0000] "POST /pedidos HTTP/1.1" 201 65 "-" "Mozilla/5.0 (Windows NT 10.0; Win64; x64) AppleWebKit/537.36 (KHTML, like Gecko) Chrome/96.0.4664.110 Safari/537.36"
::1 - - [30/Dec/2021:18:34:56 +0000] "POST /pedidos HTTP/1.1" 201 65 "-" "Mozilla/5.0 (Windows NT 10.0; Win64; x64) AppleWebKit/537.36 (KHTML, like Gecko) Chrome/96.0.4664.110 Safari/537.36"
::1 - - [30/Dec/2021:18:37:07 +0000] "POST /pedidos HTTP/1.1" 201 65 "-" "Mozilla/5.0 (Windows NT 10.0; Win64; x64) AppleWebKit/537.36 (KHTML, like Gecko) Chrome/96.0.4664.110 Safari/537.36"
::1 - - [30/Dec/2021:18:37:15 +0000] "POST /pedidos HTTP/1.1" 201 65 "-" "Mozilla/5.0 (Windows NT 10.0; Win64; x64) AppleWebKit/537.36 (KHTML, like Gecko) Chrome/96.0.4664.110 Safari/537.36"
::1 - - [30/Dec/2021:18:37:17 +0000] "POST /pedidos HTTP/1.1" 201 65 "-" "Mozilla/5.0 (Windows NT 10.0; Win64; x64) AppleWebKit/537.36 (KHTML, like Gecko) Chrome/96.0.4664.110 Safari/537.36"
::1 - - [30/Dec/2021:18:45:11 +0000] "POST /pedidos HTTP/1.1" 201 65 "-" "Mozilla/5.0 (Windows NT 10.0; Win64; x64) AppleWebKit/537.36 (KHTML, like Gecko) Chrome/96.0.4664.110 Safari/537.36"
::1 - - [30/Dec/2021:18:53:13 +0000] "POST /pedidos HTTP/1.1" 201 65 "-" "Mozilla/5.0 (Windows NT 10.0; Win64; x64) AppleWebKit/537.36 (KHTML, like Gecko) Chrome/96.0.4664.110 Safari/537.36"
::1 - - [30/Dec/2021:18:54:45 +0000] "POST /pedidos HTTP/1.1" 201 65 "-" "Mozilla/5.0 (Windows NT 10.0; Win64; x64) AppleWebKit/537.36 (KHTML, like Gecko) Chrome/96.0.4664.110 Safari/537.36"
::1 - - [30/Dec/2021:18:55:54 +0000] "POST /pedidos HTTP/1.1" 201 65 "-" "Mozilla/5.0 (Windows NT 10.0; Win64; x64) AppleWebKit/537.36 (KHTML, like Gecko) Chrome/96.0.4664.110 Safari/537.36"
::1 - - [30/Dec/2021:18:57:14 +0000] "POST /pedidos HTTP/1.1" 201 65 "-" "Mozilla/5.0 (Windows NT 10.0; Win64; x64) AppleWebKit/537.36 (KHTML, like Gecko) Chrome/96.0.4664.110 Safari/537.36"
::1 - - [30/Dec/2021:18:57:20 +0000] "POST /produtos HTTP/1.1" 500 47 "-" "Mozilla/5.0 (Windows NT 10.0; Win64; x64) AppleWebKit/537.36 (KHTML, like Gecko) Chrome/96.0.4664.110 Safari/537.36"
::1 - - [30/Dec/2021:18:59:36 +0000] "POST /produtos HTTP/1.1" 500 47 "-" "Mozilla/5.0 (Windows NT 10.0; Win64; x64) AppleWebKit/537.36 (KHTML, like Gecko) Chrome/96.0.4664.110 Safari/537.36"
::1 - - [30/Dec/2021:18:59:48 +0000] "POST /produtos HTTP/1.1" 500 47 "-" "Mozilla/5.0 (Windows NT 10.0; Win64; x64) AppleWebKit/537.36 (KHTML, like Gecko) Chrome/96.0.4664.110 Safari/537.36"
::1 - - [30/Dec/2021:18:59:52 +0000] "POST /produtos HTTP/1.1" 500 47 "-" "Mozilla/5.0 (Windows NT 10.0; Win64; x64) AppleWebKit/537.36 (KHTML, like Gecko) Chrome/96.0.4664.110 Safari/537.36"
::1 - - [30/Dec/2021:19:00:08 +0000] "POST /produtos HTTP/1.1" 500 47 "-" "Mozilla/5.0 (Windows NT 10.0; Win64; x64) AppleWebKit/537.36 (KHTML, like Gecko) Chrome/96.0.4664.110 Safari/537.36"
::1 - - [30/Dec/2021:19:00:48 +0000] "POST /produtos HTTP/1.1" 500 47 "-" "Mozilla/5.0 (Windows NT 10.0; Win64; x64) AppleWebKit/537.36 (KHTML, like Gecko) Chrome/96.0.4664.110 Safari/537.36"
::1 - - [30/Dec/2021:19:00:52 +0000] "POST /produtos HTTP/1.1" 500 47 "-" "Mozilla/5.0 (Windows NT 10.0; Win64; x64) AppleWebKit/537.36 (KHTML, like Gecko) Chrome/96.0.4664.110 Safari/537.36"
::1 - - [30/Dec/2021:19:00:53 +0000] "POST /produtos HTTP/1.1" 500 47 "-" "Mozilla/5.0 (Windows NT 10.0; Win64; x64) AppleWebKit/537.36 (KHTML, like Gecko) Chrome/96.0.4664.110 Safari/537.36"
::1 - - [30/Dec/2021:19:00:54 +0000] "POST /produtos HTTP/1.1" 500 47 "-" "Mozilla/5.0 (Windows NT 10.0; Win64; x64) AppleWebKit/537.36 (KHTML, like Gecko) Chrome/96.0.4664.110 Safari/537.36"
::1 - - [30/Dec/2021:19:01:06 +0000] "POST /produtos HTTP/1.1" 500 47 "-" "Mozilla/5.0 (Windows NT 10.0; Win64; x64) AppleWebKit/537.36 (KHTML, like Gecko) Chrome/96.0.4664.110 Safari/537.36"
::1 - - [30/Dec/2021:19:01:06 +0000] "POST /produtos HTTP/1.1" 500 47 "-" "Mozilla/5.0 (Windows NT 10.0; Win64; x64) AppleWebKit/537.36 (KHTML, like Gecko) Chrome/96.0.4664.110 Safari/537.36"
::1 - - [30/Dec/2021:19:01:07 +0000] "POST /produtos HTTP/1.1" 500 47 "-" "Mozilla/5.0 (Windows NT 10.0; Win64; x64) AppleWebKit/537.36 (KHTML, like Gecko) Chrome/96.0.4664.110 Safari/537.36"
::1 - - [30/Dec/2021:19:01:07 +0000] "POST /produtos HTTP/1.1" 500 47 "-" "Mozilla/5.0 (Windows NT 10.0; Win64; x64) AppleWebKit/537.36 (KHTML, like Gecko) Chrome/96.0.4664.110 Safari/537.36"
::1 - - [30/Dec/2021:19:02:16 +0000] "POST /produtos HTTP/1.1" 500 47 "-" "Mozilla/5.0 (Windows NT 10.0; Win64; x64) AppleWebKit/537.36 (KHTML, like Gecko) Chrome/96.0.4664.110 Safari/537.36"
::1 - - [30/Dec/2021:19:02:56 +0000] "POST /produtos HTTP/1.1" 500 47 "-" "Mozilla/5.0 (Windows NT 10.0; Win64; x64) AppleWebKit/537.36 (KHTML, like Gecko) Chrome/96.0.4664.110 Safari/537.36"
::1 - - [30/Dec/2021:19:03:15 +0000] "POST /produtos HTTP/1.1" 500 47 "-" "Mozilla/5.0 (Windows NT 10.0; Win64; x64) AppleWebKit/537.36 (KHTML, like Gecko) Chrome/96.0.4664.110 Safari/537.36"
::1 - - [30/Dec/2021:19:05:01 +0000] "POST /produtos HTTP/1.1" 500 47 "-" "Mozilla/5.0 (Windows NT 10.0; Win64; x64) AppleWebKit/537.36 (KHTML, like Gecko) Chrome/96.0.4664.110 Safari/537.36"
::ffff:127.0.0.1 - - [30/Dec/2021:19:06:43 +0000] "POST /produtos HTTP/1.1" 500 47 "-" "Mozilla/5.0 (Windows NT 10.0; Win64; x64) AppleWebKit/537.36 (KHTML, like Gecko) Chrome/96.0.4664.110 Safari/537.36"
::ffff:127.0.0.1 - - [30/Dec/2021:19:06:47 +0000] "POST /produtos HTTP/1.1" 500 47 "-" "Mozilla/5.0 (Windows NT 10.0; Win64; x64) AppleWebKit/537.36 (KHTML, like Gecko) Chrome/96.0.4664.110 Safari/537.36"
::1 - - [30/Dec/2021:19:08:14 +0000] "POST /produtos HTTP/1.1" 500 47 "-" "Mozilla/5.0 (Windows NT 10.0; Win64; x64) AppleWebKit/537.36 (KHTML, like Gecko) Chrome/96.0.4664.110 Safari/537.36"
::1 - - [30/Dec/2021:19:08:35 +0000] "POST /produtos HTTP/1.1" 500 47 "-" "Mozilla/5.0 (Windows NT 10.0; Win64; x64) AppleWebKit/537.36 (KHTML, like Gecko) Chrome/96.0.4664.110 Safari/537.36"
::1 - - [30/Dec/2021:19:08:51 +0000] "POST /produtos HTTP/1.1" 500 47 "-" "Mozilla/5.0 (Windows NT 10.0; Win64; x64) AppleWebKit/537.36 (KHTML, like Gecko) Chrome/96.0.4664.110 Safari/537.36"
::1 - - [30/Dec/2021:19:09:36 +0000] "POST /produtos HTTP/1.1" 500 47 "-" "Mozilla/5.0 (Windows NT 10.0; Win64; x64) AppleWebKit/537.36 (KHTML, like Gecko) Chrome/96.0.4664.110 Safari/537.36"
::1 - - [30/Dec/2021:19:10:35 +0000] "POST /produtos HTTP/1.1" 500 47 "-" "Mozilla/5.0 (Windows NT 10.0; Win64; x64) AppleWebKit/537.36 (KHTML, like Gecko) Chrome/96.0.4664.110 Safari/537.36"
::1 - - [30/Dec/2021:19:10:53 +0000] "POST /produtos HTTP/1.1" 500 47 "-" "Mozilla/5.0 (Windows NT 10.0; Win64; x64) AppleWebKit/537.36 (KHTML, like Gecko) Chrome/96.0.4664.110 Safari/537.36"
::1 - - [30/Dec/2021:19:11:27 +0000] "POST /produtos HTTP/1.1" 500 47 "-" "Mozilla/5.0 (Windows NT 10.0; Win64; x64) AppleWebKit/537.36 (KHTML, like Gecko) Chrome/96.0.4664.110 Safari/537.36"
::1 - - [30/Dec/2021:19:11:47 +0000] "POST /produtos HTTP/1.1" 500 47 "-" "Mozilla/5.0 (Windows NT 10.0; Win64; x64) AppleWebKit/537.36 (KHTML, like Gecko) Chrome/96.0.4664.110 Safari/537.36"
::1 - - [30/Dec/2021:19:12:26 +0000] "POST /produtos HTTP/1.1" 500 47 "-" "Mozilla/5.0 (Windows NT 10.0; Win64; x64) AppleWebKit/537.36 (KHTML, like Gecko) Chrome/96.0.4664.110 Safari/537.36"
::1 - - [30/Dec/2021:19:13:51 +0000] "POST /produtos HTTP/1.1" 500 47 "-" "Mozilla/5.0 (Windows NT 10.0; Win64; x64) AppleWebKit/537.36 (KHTML, like Gecko) Chrome/96.0.4664.110 Safari/537.36"
::ffff:127.0.0.1 - - [30/Dec/2021:19:14:03 +0000] "POST /produtos HTTP/1.1" 500 47 "-" "Mozilla/5.0 (Windows NT 10.0; Win64; x64) AppleWebKit/537.36 (KHTML, like Gecko) Chrome/96.0.4664.110 Safari/537.36"
::1 - - [30/Dec/2021:19:14:47 +0000] "POST /produtos HTTP/1.1" 500 47 "-" "Mozilla/5.0 (Windows NT 10.0; Win64; x64) AppleWebKit/537.36 (KHTML, like Gecko) Chrome/96.0.4664.110 Safari/537.36"
::ffff:127.0.0.1 - - [30/Dec/2021:19:14:57 +0000] "POST /produto HTTP/1.1" 500 47 "-" "Mozilla/5.0 (Windows NT 10.0; Win64; x64) AppleWebKit/537.36 (KHTML, like Gecko) Chrome/96.0.4664.110 Safari/537.36"
::ffff:127.0.0.1 - - [30/Dec/2021:19:14:59 +0000] "POST /produtos HTTP/1.1" 500 47 "-" "Mozilla/5.0 (Windows NT 10.0; Win64; x64) AppleWebKit/537.36 (KHTML, like Gecko) Chrome/96.0.4664.110 Safari/537.36"
::ffff:127.0.0.1 - - [30/Dec/2021:19:15:02 +0000] "POST /produtos HTTP/1.1" 500 47 "-" "Mozilla/5.0 (Windows NT 10.0; Win64; x64) AppleWebKit/537.36 (KHTML, like Gecko) Chrome/96.0.4664.110 Safari/537.36"
::ffff:127.0.0.1 - - [30/Dec/2021:19:15:15 +0000] "GET / HTTP/1.1" 500 47 "-" "Mozilla/5.0 (Windows NT 10.0; Win64; x64; rv:95.0) Gecko/20100101 Firefox/95.0"
::ffff:127.0.0.1 - - [30/Dec/2021:19:15:19 +0000] "GET /produtos HTTP/1.1" 200 27 "-" "Mozilla/5.0 (Windows NT 10.0; Win64; x64; rv:95.0) Gecko/20100101 Firefox/95.0"
::1 - - [30/Dec/2021:19:15:35 +0000] "GET /produtos HTTP/1.1" 200 27 "-" "Mozilla/5.0 (Windows NT 10.0; Win64; x64) AppleWebKit/537.36 (KHTML, like Gecko) Chrome/96.0.4664.110 Safari/537.36"
::1 - - [30/Dec/2021:19:15:37 +0000] "GET /produtos HTTP/1.1" 200 27 "-" "Mozilla/5.0 (Windows NT 10.0; Win64; x64) AppleWebKit/537.36 (KHTML, like Gecko) Chrome/96.0.4664.110 Safari/537.36"
::1 - - [30/Dec/2021:19:15:42 +0000] "POST /produtos HTTP/1.1" 500 47 "-" "Mozilla/5.0 (Windows NT 10.0; Win64; x64) AppleWebKit/537.36 (KHTML, like Gecko) Chrome/96.0.4664.110 Safari/537.36"
::1 - - [30/Dec/2021:19:16:22 +0000] "POST /produtos HTTP/1.1" 500 47 "-" "Mozilla/5.0 (Windows NT 10.0; Win64; x64) AppleWebKit/537.36 (KHTML, like Gecko) Chrome/96.0.4664.110 Safari/537.36"
::1 - - [30/Dec/2021:19:16:57 +0000] "POST /produtos HTTP/1.1" 500 47 "-" "Mozilla/5.0 (Windows NT 10.0; Win64; x64) AppleWebKit/537.36 (KHTML, like Gecko) Chrome/96.0.4664.110 Safari/537.36"
::1 - - [30/Dec/2021:19:17:47 +0000] "POST /produtos HTTP/1.1" 500 47 "-" "Mozilla/5.0 (Windows NT 10.0; Win64; x64) AppleWebKit/537.36 (KHTML, like Gecko) Chrome/96.0.4664.110 Safari/537.36"
::1 - - [30/Dec/2021:19:19:53 +0000] "POST /produtos HTTP/1.1" 500 47 "-" "Mozilla/5.0 (Windows NT 10.0; Win64; x64) AppleWebKit/537.36 (KHTML, like Gecko) Chrome/96.0.4664.110 Safari/537.36"
::1 - - [30/Dec/2021:19:19:59 +0000] "POST /produtos HTTP/1.1" 500 47 "-" "Mozilla/5.0 (Windows NT 10.0; Win64; x64) AppleWebKit/537.36 (KHTML, like Gecko) Chrome/96.0.4664.110 Safari/537.36"
::1 - - [30/Dec/2021:19:20:00 +0000] "POST /produtos HTTP/1.1" 500 47 "-" "Mozilla/5.0 (Windows NT 10.0; Win64; x64) AppleWebKit/537.36 (KHTML, like Gecko) Chrome/96.0.4664.110 Safari/537.36"
::1 - - [30/Dec/2021:19:20:01 +0000] "POST /produtos HTTP/1.1" 500 47 "-" "Mozilla/5.0 (Windows NT 10.0; Win64; x64) AppleWebKit/537.36 (KHTML, like Gecko) Chrome/96.0.4664.110 Safari/537.36"
::1 - - [30/Dec/2021:19:20:10 +0000] "POST /produtos HTTP/1.1" 500 47 "-" "Mozilla/5.0 (Windows NT 10.0; Win64; x64) AppleWebKit/537.36 (KHTML, like Gecko) Chrome/96.0.4664.110 Safari/537.36"
::1 - - [30/Dec/2021:19:20:28 +0000] "POST /produtos HTTP/1.1" 500 47 "-" "Mozilla/5.0 (Windows NT 10.0; Win64; x64) AppleWebKit/537.36 (KHTML, like Gecko) Chrome/96.0.4664.110 Safari/537.36"
::1 - - [30/Dec/2021:19:20:42 +0000] "POST /produtos HTTP/1.1" 500 47 "-" "Mozilla/5.0 (Windows NT 10.0; Win64; x64) AppleWebKit/537.36 (KHTML, like Gecko) Chrome/96.0.4664.110 Safari/537.36"
::1 - - [30/Dec/2021:19:20:48 +0000] "POST /produtos HTTP/1.1" 500 47 "-" "Mozilla/5.0 (Windows NT 10.0; Win64; x64) AppleWebKit/537.36 (KHTML, like Gecko) Chrome/96.0.4664.110 Safari/537.36"
::1 - - [30/Dec/2021:19:20:51 +0000] "POST /produtos HTTP/1.1" 500 47 "-" "Mozilla/5.0 (Windows NT 10.0; Win64; x64) AppleWebKit/537.36 (KHTML, like Gecko) Chrome/96.0.4664.110 Safari/537.36"
::1 - - [30/Dec/2021:19:20:54 +0000] "POST /produtos HTTP/1.1" 500 47 "-" "Mozilla/5.0 (Windows NT 10.0; Win64; x64) AppleWebKit/537.36 (KHTML, like Gecko) Chrome/96.0.4664.110 Safari/537.36"
::1 - - [30/Dec/2021:19:20:55 +0000] "POST /produtos HTTP/1.1" 500 47 "-" "Mozilla/5.0 (Windows NT 10.0; Win64; x64) AppleWebKit/537.36 (KHTML, like Gecko) Chrome/96.0.4664.110 Safari/537.36"
::1 - - [30/Dec/2021:19:20:56 +0000] "POST /produtos HTTP/1.1" 500 47 "-" "Mozilla/5.0 (Windows NT 10.0; Win64; x64) AppleWebKit/537.36 (KHTML, like Gecko) Chrome/96.0.4664.110 Safari/537.36"
::1 - - [30/Dec/2021:19:20:56 +0000] "POST /produtos HTTP/1.1" 500 47 "-" "Mozilla/5.0 (Windows NT 10.0; Win64; x64) AppleWebKit/537.36 (KHTML, like Gecko) Chrome/96.0.4664.110 Safari/537.36"
::1 - - [30/Dec/2021:19:20:56 +0000] "POST /produtos HTTP/1.1" 500 47 "-" "Mozilla/5.0 (Windows NT 10.0; Win64; x64) AppleWebKit/537.36 (KHTML, like Gecko) Chrome/96.0.4664.110 Safari/537.36"
::1 - - [30/Dec/2021:19:21:00 +0000] "POST /produtos HTTP/1.1" 500 47 "-" "Mozilla/5.0 (Windows NT 10.0; Win64; x64) AppleWebKit/537.36 (KHTML, like Gecko) Chrome/96.0.4664.110 Safari/537.36"
::1 - - [30/Dec/2021:19:21:00 +0000] "POST /produtos HTTP/1.1" 500 47 "-" "Mozilla/5.0 (Windows NT 10.0; Win64; x64) AppleWebKit/537.36 (KHTML, like Gecko) Chrome/96.0.4664.110 Safari/537.36"
::1 - - [30/Dec/2021:19:21:03 +0000] "POST /produtos HTTP/1.1" 500 47 "-" "Mozilla/5.0 (Windows NT 10.0; Win64; x64) AppleWebKit/537.36 (KHTML, like Gecko) Chrome/96.0.4664.110 Safari/537.36"
::1 - - [30/Dec/2021:19:21:06 +0000] "POST /produtos HTTP/1.1" 500 47 "-" "Mozilla/5.0 (Windows NT 10.0; Win64; x64) AppleWebKit/537.36 (KHTML, like Gecko) Chrome/96.0.4664.110 Safari/537.36"
::1 - - [30/Dec/2021:19:21:07 +0000] "POST /produtos HTTP/1.1" 500 47 "-" "Mozilla/5.0 (Windows NT 10.0; Win64; x64) AppleWebKit/537.36 (KHTML, like Gecko) Chrome/96.0.4664.110 Safari/537.36"
::1 - - [30/Dec/2021:19:21:08 +0000] "POST /produtos HTTP/1.1" 500 47 "-" "Mozilla/5.0 (Windows NT 10.0; Win64; x64) AppleWebKit/537.36 (KHTML, like Gecko) Chrome/96.0.4664.110 Safari/537.36"
::1 - - [30/Dec/2021:19:21:14 +0000] "POST /produtos HTTP/1.1" 500 47 "-" "Mozilla/5.0 (Windows NT 10.0; Win64; x64) AppleWebKit/537.36 (KHTML, like Gecko) Chrome/96.0.4664.110 Safari/537.36"
::1 - - [30/Dec/2021:19:21:32 +0000] "POST /produtos HTTP/1.1" 500 47 "-" "Mozilla/5.0 (Windows NT 10.0; Win64; x64) AppleWebKit/537.36 (KHTML, like Gecko) Chrome/96.0.4664.110 Safari/537.36"
::1 - - [30/Dec/2021:19:21:44 +0000] "POST /produtos HTTP/1.1" 500 47 "-" "Mozilla/5.0 (Windows NT 10.0; Win64; x64) AppleWebKit/537.36 (KHTML, like Gecko) Chrome/96.0.4664.110 Safari/537.36"
::ffff:127.0.0.1 - - [30/Dec/2021:19:21:50 +0000] "POST /produtos HTTP/1.1" 500 47 "-" "Mozilla/5.0 (Windows NT 10.0; Win64; x64) AppleWebKit/537.36 (KHTML, like Gecko) Chrome/96.0.4664.110 Safari/537.36"
::ffff:127.0.0.1 - - [30/Dec/2021:19:21:57 +0000] "POST /produtos HTTP/1.1" 500 47 "-" "Mozilla/5.0 (Windows NT 10.0; Win64; x64) AppleWebKit/537.36 (KHTML, like Gecko) Chrome/96.0.4664.110 Safari/537.36"
::ffff:127.0.0.1 - - [30/Dec/2021:19:22:33 +0000] "POST /produtos HTTP/1.1" 500 47 "-" "Mozilla/5.0 (Windows NT 10.0; Win64; x64) AppleWebKit/537.36 (KHTML, like Gecko) Chrome/96.0.4664.110 Safari/537.36"
::1 - - [30/Dec/2021:19:22:50 +0000] "POST /produtos HTTP/1.1" 500 47 "-" "Mozilla/5.0 (Windows NT 10.0; Win64; x64) AppleWebKit/537.36 (KHTML, like Gecko) Chrome/96.0.4664.110 Safari/537.36"
::1 - - [30/Dec/2021:19:22:57 +0000] "POST /produtos HTTP/1.1" 500 47 "-" "Mozilla/5.0 (Windows NT 10.0; Win64; x64) AppleWebKit/537.36 (KHTML, like Gecko) Chrome/96.0.4664.110 Safari/537.36"
::1 - - [30/Dec/2021:19:24:45 +0000] "POST /produtos HTTP/1.1" 500 47 "-" "Mozilla/5.0 (Windows NT 10.0; Win64; x64) AppleWebKit/537.36 (KHTML, like Gecko) Chrome/96.0.4664.110 Safari/537.36"
::1 - - [30/Dec/2021:19:25:05 +0000] "POST /produtos HTTP/1.1" 500 47 "-" "Mozilla/5.0 (Windows NT 10.0; Win64; x64) AppleWebKit/537.36 (KHTML, like Gecko) Chrome/96.0.4664.110 Safari/537.36"
::1 - - [30/Dec/2021:19:26:51 +0000] "POST /produtos HTTP/1.1" 500 47 "-" "Mozilla/5.0 (Windows NT 10.0; Win64; x64) AppleWebKit/537.36 (KHTML, like Gecko) Chrome/96.0.4664.110 Safari/537.36"
::1 - - [30/Dec/2021:19:27:00 +0000] "POST /produtos HTTP/1.1" 500 47 "-" "Mozilla/5.0 (Windows NT 10.0; Win64; x64) AppleWebKit/537.36 (KHTML, like Gecko) Chrome/96.0.4664.110 Safari/537.36"
::1 - - [30/Dec/2021:19:27:03 +0000] "POST /produtos HTTP/1.1" 500 47 "-" "Mozilla/5.0 (Windows NT 10.0; Win64; x64) AppleWebKit/537.36 (KHTML, like Gecko) Chrome/96.0.4664.110 Safari/537.36"
::1 - - [30/Dec/2021:19:27:05 +0000] "POST /produtos HTTP/1.1" 500 47 "-" "Mozilla/5.0 (Windows NT 10.0; Win64; x64) AppleWebKit/537.36 (KHTML, like Gecko) Chrome/96.0.4664.110 Safari/537.36"
::1 - - [30/Dec/2021:19:27:08 +0000] "POST /produtos HTTP/1.1" 500 47 "-" "Mozilla/5.0 (Windows NT 10.0; Win64; x64) AppleWebKit/537.36 (KHTML, like Gecko) Chrome/96.0.4664.110 Safari/537.36"
::1 - - [30/Dec/2021:19:27:28 +0000] "POST /produtos HTTP/1.1" 500 47 "-" "Mozilla/5.0 (Windows NT 10.0; Win64; x64) AppleWebKit/537.36 (KHTML, like Gecko) Chrome/96.0.4664.110 Safari/537.36"
::1 - - [30/Dec/2021:19:27:57 +0000] "POST /produtos HTTP/1.1" 500 47 "-" "Mozilla/5.0 (Windows NT 10.0; Win64; x64) AppleWebKit/537.36 (KHTML, like Gecko) Chrome/96.0.4664.110 Safari/537.36"
::1 - - [30/Dec/2021:19:28:06 +0000] "POST /produtos HTTP/1.1" 500 47 "-" "Mozilla/5.0 (Windows NT 10.0; Win64; x64) AppleWebKit/537.36 (KHTML, like Gecko) Chrome/96.0.4664.110 Safari/537.36"
::1 - - [30/Dec/2021:19:28:17 +0000] "POST /produtos HTTP/1.1" 500 47 "-" "Mozilla/5.0 (Windows NT 10.0; Win64; x64) AppleWebKit/537.36 (KHTML, like Gecko) Chrome/96.0.4664.110 Safari/537.36"
::1 - - [30/Dec/2021:19:28:31 +0000] "POST /produtos HTTP/1.1" 500 47 "-" "Mozilla/5.0 (Windows NT 10.0; Win64; x64) AppleWebKit/537.36 (KHTML, like Gecko) Chrome/96.0.4664.110 Safari/537.36"
::1 - - [30/Dec/2021:19:28:33 +0000] "POST /produtos HTTP/1.1" 500 47 "-" "Mozilla/5.0 (Windows NT 10.0; Win64; x64) AppleWebKit/537.36 (KHTML, like Gecko) Chrome/96.0.4664.110 Safari/537.36"
::1 - - [30/Dec/2021:19:28:34 +0000] "POST /produtos HTTP/1.1" 500 47 "-" "Mozilla/5.0 (Windows NT 10.0; Win64; x64) AppleWebKit/537.36 (KHTML, like Gecko) Chrome/96.0.4664.110 Safari/537.36"
::1 - - [30/Dec/2021:19:28:35 +0000] "POST /produtos HTTP/1.1" 500 47 "-" "Mozilla/5.0 (Windows NT 10.0; Win64; x64) AppleWebKit/537.36 (KHTML, like Gecko) Chrome/96.0.4664.110 Safari/537.36"
::1 - - [30/Dec/2021:19:28:53 +0000] "POST /produtos HTTP/1.1" 500 47 "-" "Mozilla/5.0 (Windows NT 10.0; Win64; x64) AppleWebKit/537.36 (KHTML, like Gecko) Chrome/96.0.4664.110 Safari/537.36"
::1 - - [30/Dec/2021:19:28:55 +0000] "POST /produtos HTTP/1.1" 500 47 "-" "Mozilla/5.0 (Windows NT 10.0; Win64; x64) AppleWebKit/537.36 (KHTML, like Gecko) Chrome/96.0.4664.110 Safari/537.36"
::1 - - [30/Dec/2021:19:28:56 +0000] "POST /produtos HTTP/1.1" 500 47 "-" "Mozilla/5.0 (Windows NT 10.0; Win64; x64) AppleWebKit/537.36 (KHTML, like Gecko) Chrome/96.0.4664.110 Safari/537.36"
::1 - - [30/Dec/2021:19:28:56 +0000] "POST /produtos HTTP/1.1" 500 47 "-" "Mozilla/5.0 (Windows NT 10.0; Win64; x64) AppleWebKit/537.36 (KHTML, like Gecko) Chrome/96.0.4664.110 Safari/537.36"
::1 - - [30/Dec/2021:19:28:56 +0000] "POST /produtos HTTP/1.1" 500 47 "-" "Mozilla/5.0 (Windows NT 10.0; Win64; x64) AppleWebKit/537.36 (KHTML, like Gecko) Chrome/96.0.4664.110 Safari/537.36"
::1 - - [30/Dec/2021:19:28:57 +0000] "POST /produtos HTTP/1.1" 500 47 "-" "Mozilla/5.0 (Windows NT 10.0; Win64; x64) AppleWebKit/537.36 (KHTML, like Gecko) Chrome/96.0.4664.110 Safari/537.36"
::1 - - [30/Dec/2021:19:29:10 +0000] "POST /produtos HTTP/1.1" 500 47 "-" "Mozilla/5.0 (Windows NT 10.0; Win64; x64) AppleWebKit/537.36 (KHTML, like Gecko) Chrome/96.0.4664.110 Safari/537.36"
::1 - - [30/Dec/2021:19:29:12 +0000] "POST /produtos HTTP/1.1" 500 47 "-" "Mozilla/5.0 (Windows NT 10.0; Win64; x64) AppleWebKit/537.36 (KHTML, like Gecko) Chrome/96.0.4664.110 Safari/537.36"
::1 - - [30/Dec/2021:19:31:00 +0000] "POST /produtos HTTP/1.1" 500 47 "-" "Mozilla/5.0 (Windows NT 10.0; Win64; x64) AppleWebKit/537.36 (KHTML, like Gecko) Chrome/96.0.4664.110 Safari/537.36"
::1 - - [30/Dec/2021:19:31:38 +0000] "POST /produtos HTTP/1.1" 500 47 "-" "Mozilla/5.0 (Windows NT 10.0; Win64; x64) AppleWebKit/537.36 (KHTML, like Gecko) Chrome/96.0.4664.110 Safari/537.36"
::ffff:127.0.0.1 - - [30/Dec/2021:19:31:43 +0000] "GET /produtos HTTP/1.1" 304 - "-" "Mozilla/5.0 (Windows NT 10.0; Win64; x64; rv:95.0) Gecko/20100101 Firefox/95.0"
::1 - - [30/Dec/2021:19:32:19 +0000] "POST /produtos HTTP/1.1" 500 47 "-" "Mozilla/5.0 (Windows NT 10.0; Win64; x64) AppleWebKit/537.36 (KHTML, like Gecko) Chrome/96.0.4664.110 Safari/537.36"
::1 - - [30/Dec/2021:19:32:34 +0000] "POST /produtos HTTP/1.1" 500 47 "-" "Mozilla/5.0 (Windows NT 10.0; Win64; x64) AppleWebKit/537.36 (KHTML, like Gecko) Chrome/96.0.4664.110 Safari/537.36"
::1 - - [30/Dec/2021:19:32:37 +0000] "POST /produtos HTTP/1.1" 500 47 "-" "Mozilla/5.0 (Windows NT 10.0; Win64; x64) AppleWebKit/537.36 (KHTML, like Gecko) Chrome/96.0.4664.110 Safari/537.36"
::1 - - [30/Dec/2021:19:34:51 +0000] "POST /produtos HTTP/1.1" 500 47 "-" "Mozilla/5.0 (Windows NT 10.0; Win64; x64) AppleWebKit/537.36 (KHTML, like Gecko) Chrome/96.0.4664.110 Safari/537.36"
::1 - - [30/Dec/2021:19:34:59 +0000] "POST /produtos HTTP/1.1" 500 47 "-" "Mozilla/5.0 (Windows NT 10.0; Win64; x64) AppleWebKit/537.36 (KHTML, like Gecko) Chrome/96.0.4664.110 Safari/537.36"
::1 - - [30/Dec/2021:19:35:08 +0000] "POST /produtos HTTP/1.1" 500 47 "-" "Mozilla/5.0 (Windows NT 10.0; Win64; x64) AppleWebKit/537.36 (KHTML, like Gecko) Chrome/96.0.4664.110 Safari/537.36"
::1 - - [30/Dec/2021:19:35:10 +0000] "POST /produtos HTTP/1.1" 500 47 "-" "Mozilla/5.0 (Windows NT 10.0; Win64; x64) AppleWebKit/537.36 (KHTML, like Gecko) Chrome/96.0.4664.110 Safari/537.36"
::1 - - [30/Dec/2021:19:35:10 +0000] "POST /produtos HTTP/1.1" 500 47 "-" "Mozilla/5.0 (Windows NT 10.0; Win64; x64) AppleWebKit/537.36 (KHTML, like Gecko) Chrome/96.0.4664.110 Safari/537.36"
::1 - - [30/Dec/2021:19:35:11 +0000] "POST /produtos HTTP/1.1" 500 47 "-" "Mozilla/5.0 (Windows NT 10.0; Win64; x64) AppleWebKit/537.36 (KHTML, like Gecko) Chrome/96.0.4664.110 Safari/537.36"
::1 - - [30/Dec/2021:19:35:11 +0000] "POST /produtos HTTP/1.1" 500 47 "-" "Mozilla/5.0 (Windows NT 10.0; Win64; x64) AppleWebKit/537.36 (KHTML, like Gecko) Chrome/96.0.4664.110 Safari/537.36"
::1 - - [30/Dec/2021:19:35:11 +0000] "POST /produtos HTTP/1.1" 500 47 "-" "Mozilla/5.0 (Windows NT 10.0; Win64; x64) AppleWebKit/537.36 (KHTML, like Gecko) Chrome/96.0.4664.110 Safari/537.36"
::1 - - [30/Dec/2021:19:35:11 +0000] "POST /produtos HTTP/1.1" 500 47 "-" "Mozilla/5.0 (Windows NT 10.0; Win64; x64) AppleWebKit/537.36 (KHTML, like Gecko) Chrome/96.0.4664.110 Safari/537.36"
::1 - - [30/Dec/2021:19:35:11 +0000] "POST /produtos HTTP/1.1" 500 47 "-" "Mozilla/5.0 (Windows NT 10.0; Win64; x64) AppleWebKit/537.36 (KHTML, like Gecko) Chrome/96.0.4664.110 Safari/537.36"
::1 - - [30/Dec/2021:19:35:24 +0000] "POST /produtos HTTP/1.1" 500 47 "-" "Mozilla/5.0 (Windows NT 10.0; Win64; x64) AppleWebKit/537.36 (KHTML, like Gecko) Chrome/96.0.4664.110 Safari/537.36"
::1 - - [30/Dec/2021:19:35:58 +0000] "POST /produtos HTTP/1.1" 500 47 "-" "Mozilla/5.0 (Windows NT 10.0; Win64; x64) AppleWebKit/537.36 (KHTML, like Gecko) Chrome/96.0.4664.110 Safari/537.36"
::1 - - [30/Dec/2021:19:44:02 +0000] "POST /produtos HTTP/1.1" 500 47 "-" "Mozilla/5.0 (Windows NT 10.0; Win64; x64) AppleWebKit/537.36 (KHTML, like Gecko) Chrome/96.0.4664.110 Safari/537.36"
::1 - - [30/Dec/2021:19:44:52 +0000] "POST /produtos HTTP/1.1" 500 47 "-" "Mozilla/5.0 (Windows NT 10.0; Win64; x64) AppleWebKit/537.36 (KHTML, like Gecko) Chrome/96.0.4664.110 Safari/537.36"
::1 - - [30/Dec/2021:19:45:15 +0000] "POST /produtos HTTP/1.1" 500 47 "-" "Mozilla/5.0 (Windows NT 10.0; Win64; x64) AppleWebKit/537.36 (KHTML, like Gecko) Chrome/96.0.4664.110 Safari/537.36"
::1 - - [30/Dec/2021:19:45:21 +0000] "POST /produtos HTTP/1.1" 500 47 "-" "Mozilla/5.0 (Windows NT 10.0; Win64; x64) AppleWebKit/537.36 (KHTML, like Gecko) Chrome/96.0.4664.110 Safari/537.36"
::1 - - [30/Dec/2021:19:45:35 +0000] "POST /produtos HTTP/1.1" 500 47 "-" "Mozilla/5.0 (Windows NT 10.0; Win64; x64) AppleWebKit/537.36 (KHTML, like Gecko) Chrome/96.0.4664.110 Safari/537.36"
::1 - - [30/Dec/2021:19:48:27 +0000] "POST /produtos HTTP/1.1" 500 47 "-" "Mozilla/5.0 (Windows NT 10.0; Win64; x64) AppleWebKit/537.36 (KHTML, like Gecko) Chrome/96.0.4664.110 Safari/537.36"
::1 - - [30/Dec/2021:19:48:32 +0000] "POST /produtos HTTP/1.1" 500 47 "-" "Mozilla/5.0 (Windows NT 10.0; Win64; x64) AppleWebKit/537.36 (KHTML, like Gecko) Chrome/96.0.4664.110 Safari/537.36"
::1 - - [30/Dec/2021:19:49:37 +0000] "POST /produtos HTTP/1.1" 500 47 "-" "Mozilla/5.0 (Windows NT 10.0; Win64; x64) AppleWebKit/537.36 (KHTML, like Gecko) Chrome/96.0.4664.110 Safari/537.36"
::1 - - [30/Dec/2021:19:49:47 +0000] "POST /produtos HTTP/1.1" 500 47 "-" "Mozilla/5.0 (Windows NT 10.0; Win64; x64) AppleWebKit/537.36 (KHTML, like Gecko) Chrome/96.0.4664.110 Safari/537.36"
::1 - - [30/Dec/2021:19:49:51 +0000] "POST /produtos HTTP/1.1" 500 47 "-" "Mozilla/5.0 (Windows NT 10.0; Win64; x64) AppleWebKit/537.36 (KHTML, like Gecko) Chrome/96.0.4664.110 Safari/537.36"
::1 - - [30/Dec/2021:19:49:55 +0000] "POST /produtos HTTP/1.1" 500 47 "-" "Mozilla/5.0 (Windows NT 10.0; Win64; x64) AppleWebKit/537.36 (KHTML, like Gecko) Chrome/96.0.4664.110 Safari/537.36"
::1 - - [30/Dec/2021:19:49:59 +0000] "POST /produtos HTTP/1.1" 500 47 "-" "Mozilla/5.0 (Windows NT 10.0; Win64; x64) AppleWebKit/537.36 (KHTML, like Gecko) Chrome/96.0.4664.110 Safari/537.36"
::1 - - [30/Dec/2021:19:50:00 +0000] "POST /produtos HTTP/1.1" 500 47 "-" "Mozilla/5.0 (Windows NT 10.0; Win64; x64) AppleWebKit/537.36 (KHTML, like Gecko) Chrome/96.0.4664.110 Safari/537.36"
::1 - - [30/Dec/2021:19:50:00 +0000] "POST /produtos HTTP/1.1" 500 47 "-" "Mozilla/5.0 (Windows NT 10.0; Win64; x64) AppleWebKit/537.36 (KHTML, like Gecko) Chrome/96.0.4664.110 Safari/537.36"
::1 - - [30/Dec/2021:19:50:01 +0000] "POST /produtos HTTP/1.1" 500 47 "-" "Mozilla/5.0 (Windows NT 10.0; Win64; x64) AppleWebKit/537.36 (KHTML, like Gecko) Chrome/96.0.4664.110 Safari/537.36"
::1 - - [30/Dec/2021:19:50:01 +0000] "POST /produtos HTTP/1.1" 500 47 "-" "Mozilla/5.0 (Windows NT 10.0; Win64; x64) AppleWebKit/537.36 (KHTML, like Gecko) Chrome/96.0.4664.110 Safari/537.36"
::1 - - [30/Dec/2021:19:50:02 +0000] "POST /produtos HTTP/1.1" 500 47 "-" "Mozilla/5.0 (Windows NT 10.0; Win64; x64) AppleWebKit/537.36 (KHTML, like Gecko) Chrome/96.0.4664.110 Safari/537.36"
::1 - - [30/Dec/2021:19:50:02 +0000] "POST /produtos HTTP/1.1" 500 47 "-" "Mozilla/5.0 (Windows NT 10.0; Win64; x64) AppleWebKit/537.36 (KHTML, like Gecko) Chrome/96.0.4664.110 Safari/537.36"
::1 - - [30/Dec/2021:19:50:02 +0000] "POST /produtos HTTP/1.1" 500 47 "-" "Mozilla/5.0 (Windows NT 10.0; Win64; x64) AppleWebKit/537.36 (KHTML, like Gecko) Chrome/96.0.4664.110 Safari/537.36"
::1 - - [30/Dec/2021:19:50:02 +0000] "POST /produtos HTTP/1.1" 500 47 "-" "Mozilla/5.0 (Windows NT 10.0; Win64; x64) AppleWebKit/537.36 (KHTML, like Gecko) Chrome/96.0.4664.110 Safari/537.36"
::1 - - [30/Dec/2021:19:50:02 +0000] "POST /produtos HTTP/1.1" 500 47 "-" "Mozilla/5.0 (Windows NT 10.0; Win64; x64) AppleWebKit/537.36 (KHTML, like Gecko) Chrome/96.0.4664.110 Safari/537.36"
::1 - - [30/Dec/2021:19:50:03 +0000] "POST /produtos HTTP/1.1" 500 47 "-" "Mozilla/5.0 (Windows NT 10.0; Win64; x64) AppleWebKit/537.36 (KHTML, like Gecko) Chrome/96.0.4664.110 Safari/537.36"
::1 - - [30/Dec/2021:19:51:02 +0000] "POST /produtos HTTP/1.1" 500 47 "-" "Mozilla/5.0 (Windows NT 10.0; Win64; x64) AppleWebKit/537.36 (KHTML, like Gecko) Chrome/96.0.4664.110 Safari/537.36"
::1 - - [30/Dec/2021:19:53:43 +0000] "POST /produtos HTTP/1.1" 500 47 "-" "Mozilla/5.0 (Windows NT 10.0; Win64; x64) AppleWebKit/537.36 (KHTML, like Gecko) Chrome/96.0.4664.110 Safari/537.36"
::1 - - [30/Dec/2021:19:54:03 +0000] "POST /produtos HTTP/1.1" 500 47 "-" "Mozilla/5.0 (Windows NT 10.0; Win64; x64) AppleWebKit/537.36 (KHTML, like Gecko) Chrome/96.0.4664.110 Safari/537.36"
::1 - - [30/Dec/2021:19:54:05 +0000] "POST /produtos HTTP/1.1" 500 47 "-" "Mozilla/5.0 (Windows NT 10.0; Win64; x64) AppleWebKit/537.36 (KHTML, like Gecko) Chrome/96.0.4664.110 Safari/537.36"
::1 - - [30/Dec/2021:19:54:05 +0000] "POST /produtos HTTP/1.1" 500 47 "-" "Mozilla/5.0 (Windows NT 10.0; Win64; x64) AppleWebKit/537.36 (KHTML, like Gecko) Chrome/96.0.4664.110 Safari/537.36"
::1 - - [30/Dec/2021:19:54:05 +0000] "POST /produtos HTTP/1.1" 500 47 "-" "Mozilla/5.0 (Windows NT 10.0; Win64; x64) AppleWebKit/537.36 (KHTML, like Gecko) Chrome/96.0.4664.110 Safari/537.36"
::1 - - [30/Dec/2021:19:54:06 +0000] "POST /produtos HTTP/1.1" 500 47 "-" "Mozilla/5.0 (Windows NT 10.0; Win64; x64) AppleWebKit/537.36 (KHTML, like Gecko) Chrome/96.0.4664.110 Safari/537.36"
::1 - - [30/Dec/2021:19:54:06 +0000] "POST /produtos HTTP/1.1" 500 47 "-" "Mozilla/5.0 (Windows NT 10.0; Win64; x64) AppleWebKit/537.36 (KHTML, like Gecko) Chrome/96.0.4664.110 Safari/537.36"
::1 - - [30/Dec/2021:19:54:06 +0000] "POST /produtos HTTP/1.1" 500 47 "-" "Mozilla/5.0 (Windows NT 10.0; Win64; x64) AppleWebKit/537.36 (KHTML, like Gecko) Chrome/96.0.4664.110 Safari/537.36"
::1 - - [30/Dec/2021:19:54:06 +0000] "POST /produtos HTTP/1.1" 500 47 "-" "Mozilla/5.0 (Windows NT 10.0; Win64; x64) AppleWebKit/537.36 (KHTML, like Gecko) Chrome/96.0.4664.110 Safari/537.36"
::1 - - [30/Dec/2021:19:54:06 +0000] "POST /produtos HTTP/1.1" 500 47 "-" "Mozilla/5.0 (Windows NT 10.0; Win64; x64) AppleWebKit/537.36 (KHTML, like Gecko) Chrome/96.0.4664.110 Safari/537.36"
::1 - - [30/Dec/2021:19:54:19 +0000] "POST /produtos HTTP/1.1" 500 47 "-" "Mozilla/5.0 (Windows NT 10.0; Win64; x64) AppleWebKit/537.36 (KHTML, like Gecko) Chrome/96.0.4664.110 Safari/537.36"
::1 - - [30/Dec/2021:19:54:21 +0000] "POST /produtos HTTP/1.1" 500 47 "-" "Mozilla/5.0 (Windows NT 10.0; Win64; x64) AppleWebKit/537.36 (KHTML, like Gecko) Chrome/96.0.4664.110 Safari/537.36"
::1 - - [30/Dec/2021:19:54:21 +0000] "POST /produtos HTTP/1.1" 500 47 "-" "Mozilla/5.0 (Windows NT 10.0; Win64; x64) AppleWebKit/537.36 (KHTML, like Gecko) Chrome/96.0.4664.110 Safari/537.36"
::1 - - [30/Dec/2021:19:54:21 +0000] "POST /produtos HTTP/1.1" 500 47 "-" "Mozilla/5.0 (Windows NT 10.0; Win64; x64) AppleWebKit/537.36 (KHTML, like Gecko) Chrome/96.0.4664.110 Safari/537.36"
::1 - - [30/Dec/2021:19:54:22 +0000] "POST /produtos HTTP/1.1" 500 47 "-" "Mozilla/5.0 (Windows NT 10.0; Win64; x64) AppleWebKit/537.36 (KHTML, like Gecko) Chrome/96.0.4664.110 Safari/537.36"
::1 - - [30/Dec/2021:19:54:22 +0000] "POST /produtos HTTP/1.1" 500 47 "-" "Mozilla/5.0 (Windows NT 10.0; Win64; x64) AppleWebKit/537.36 (KHTML, like Gecko) Chrome/96.0.4664.110 Safari/537.36"
::1 - - [30/Dec/2021:19:54:22 +0000] "POST /produtos HTTP/1.1" 500 47 "-" "Mozilla/5.0 (Windows NT 10.0; Win64; x64) AppleWebKit/537.36 (KHTML, like Gecko) Chrome/96.0.4664.110 Safari/537.36"
::1 - - [30/Dec/2021:19:56:22 +0000] "POST /produtos HTTP/1.1" 500 47 "-" "Mozilla/5.0 (Windows NT 10.0; Win64; x64) AppleWebKit/537.36 (KHTML, like Gecko) Chrome/96.0.4664.110 Safari/537.36"
::1 - - [30/Dec/2021:19:57:35 +0000] "POST /produtos HTTP/1.1" 500 47 "-" "Mozilla/5.0 (Windows NT 10.0; Win64; x64) AppleWebKit/537.36 (KHTML, like Gecko) Chrome/96.0.4664.110 Safari/537.36"
::1 - - [30/Dec/2021:19:59:59 +0000] "POST /produtos HTTP/1.1" 500 47 "-" "Mozilla/5.0 (Windows NT 10.0; Win64; x64) AppleWebKit/537.36 (KHTML, like Gecko) Chrome/96.0.4664.110 Safari/537.36"
::1 - - [30/Dec/2021:20:01:27 +0000] "POST /produtos HTTP/1.1" 500 209 "-" "Mozilla/5.0 (Windows NT 10.0; Win64; x64) AppleWebKit/537.36 (KHTML, like Gecko) Chrome/96.0.4664.110 Safari/537.36"
::1 - - [30/Dec/2021:20:02:05 +0000] "POST /produtos HTTP/1.1" 500 209 "-" "Mozilla/5.0 (Windows NT 10.0; Win64; x64) AppleWebKit/537.36 (KHTML, like Gecko) Chrome/96.0.4664.110 Safari/537.36"
::1 - - [30/Dec/2021:20:02:11 +0000] "POST /produtos HTTP/1.1" 500 202 "-" "Mozilla/5.0 (Windows NT 10.0; Win64; x64) AppleWebKit/537.36 (KHTML, like Gecko) Chrome/96.0.4664.110 Safari/537.36"
::1 - - [30/Dec/2021:20:02:59 +0000] "POST /produtos HTTP/1.1" 500 202 "-" "Mozilla/5.0 (Windows NT 10.0; Win64; x64) AppleWebKit/537.36 (KHTML, like Gecko) Chrome/96.0.4664.110 Safari/537.36"
::1 - - [30/Dec/2021:20:03:56 +0000] "POST /produtos HTTP/1.1" 500 202 "-" "Mozilla/5.0 (Windows NT 10.0; Win64; x64) AppleWebKit/537.36 (KHTML, like Gecko) Chrome/96.0.4664.110 Safari/537.36"
::1 - - [30/Dec/2021:20:04:38 +0000] "POST /produtos HTTP/1.1" 500 202 "-" "Mozilla/5.0 (Windows NT 10.0; Win64; x64) AppleWebKit/537.36 (KHTML, like Gecko) Chrome/96.0.4664.110 Safari/537.36"
::1 - - [30/Dec/2021:20:05:08 +0000] "POST /produtos HTTP/1.1" 500 202 "-" "Mozilla/5.0 (Windows NT 10.0; Win64; x64) AppleWebKit/537.36 (KHTML, like Gecko) Chrome/96.0.4664.110 Safari/537.36"
::1 - - [30/Dec/2021:20:05:14 +0000] "POST /produtos HTTP/1.1" 200 35 "-" "Mozilla/5.0 (Windows NT 10.0; Win64; x64) AppleWebKit/537.36 (KHTML, like Gecko) Chrome/96.0.4664.110 Safari/537.36"
::ffff:127.0.0.1 - - [30/Dec/2021:20:06:13 +0000] "POST /produtos HTTP/1.1" 500 231 "-" "Mozilla/5.0 (Windows NT 10.0; Win64; x64) AppleWebKit/537.36 (KHTML, like Gecko) Chrome/96.0.4664.110 Safari/537.36"
::1 - - [30/Dec/2021:20:09:32 +0000] "POST /produtos HTTP/1.1" 500 202 "-" "Mozilla/5.0 (Windows NT 10.0; Win64; x64) AppleWebKit/537.36 (KHTML, like Gecko) Chrome/96.0.4664.110 Safari/537.36"
::1 - - [30/Dec/2021:20:09:52 +0000] "GET /produtos HTTP/1.1" 200 27 "-" "Mozilla/5.0 (Windows NT 10.0; Win64; x64) AppleWebKit/537.36 (KHTML, like Gecko) Chrome/96.0.4664.110 Safari/537.36"
::1 - - [30/Dec/2021:20:09:55 +0000] "POST /produtos HTTP/1.1" 500 202 "-" "Mozilla/5.0 (Windows NT 10.0; Win64; x64) AppleWebKit/537.36 (KHTML, like Gecko) Chrome/96.0.4664.110 Safari/537.36"
::1 - - [30/Dec/2021:20:10:44 +0000] "POST /produtos HTTP/1.1" 500 202 "-" "Mozilla/5.0 (Windows NT 10.0; Win64; x64) AppleWebKit/537.36 (KHTML, like Gecko) Chrome/96.0.4664.110 Safari/537.36"
::1 - - [30/Dec/2021:20:10:58 +0000] "POST /produtos HTTP/1.1" 500 202 "-" "Mozilla/5.0 (Windows NT 10.0; Win64; x64) AppleWebKit/537.36 (KHTML, like Gecko) Chrome/96.0.4664.110 Safari/537.36"
::ffff:127.0.0.1 - - [30/Dec/2021:20:18:44 +0000] "GET / HTTP/1.1" 500 47 "-" "Mozilla/5.0 (Windows NT 10.0; Win64; x64; rv:95.0) Gecko/20100101 Firefox/95.0"
::ffff:127.0.0.1 - - [30/Dec/2021:20:18:48 +0000] "GET /produtos HTTP/1.1" 304 - "-" "Mozilla/5.0 (Windows NT 10.0; Win64; x64; rv:95.0) Gecko/20100101 Firefox/95.0"
::1 - - [30/Dec/2021:20:19:05 +0000] "POST /produtos?nome=teste&preco=1 HTTP/1.1" 500 202 "-" "insomnia/2021.7.2"
::1 - - [30/Dec/2021:20:20:19 +0000] "POST /produtos?nome=teste&preco=1 HTTP/1.1" 200 35 "-" "insomnia/2021.7.2"
::1 - - [30/Dec/2021:20:20:43 +0000] "POST /produtos?nome=teste&preco=1 HTTP/1.1" 200 35 "-" "insomnia/2021.7.2"
